<?xml version="1.0" encoding="UTF-8"?>
<!-- Generated by org.testng.reporters.JUnitXMLReporter -->
<testsuite ignored="0" hostname="HCUS19AI101" failures="0" tests="4" name="Excel_Budgie_Profile_Check" time="19.774" errors="0" timestamp="2023-07-03T10:17:10 IST">
  <testcase classname="org.example.Excel_Profile_Check" name="profileCheck" time="4.722"/>
  <testcase classname="org.example.Excel_Profile_Check" name="profileCheck" time="3.816"/>
  <testcase classname="org.example.Excel_Profile_Check" name="profileCheck" time="4.236"/>
  <testcase classname="org.example.Excel_Profile_Check" name="profileCheck" time="3.945"/>
</testsuite> <!-- Excel_Budgie_Profile_Check -->
