<?xml version="1.0" encoding="UTF-8"?>
<testng-results ignored="0" total="4" passed="4" failed="0" skipped="0">
  <reporter-output>
  </reporter-output>
  <suite started-at="2023-07-03T10:16:50 IST" name="Default Suite" finished-at="2023-07-03T10:17:10 IST" duration-ms="19774">
    <groups>
    </groups>
    <test started-at="2023-07-03T10:16:50 IST" name="Excel_Budgie_Profile_Check" finished-at="2023-07-03T10:17:10 IST" duration-ms="19774">
      <class name="org.example.Excel_Profile_Check">
        <test-method is-config="true" signature="setup()[pri:0, instance:org.example.Excel_Profile_Check@1f0f1111]" started-at="2023-07-03T10:16:50 IST" name="setup" finished-at="2023-07-03T10:16:53 IST" duration-ms="2536" status="PASS">
          <reporter-output>
          </reporter-output>
        </test-method> <!-- setup -->
        <test-method signature="profileCheck(java.lang.String,java.lang.String,java.lang.String)[pri:1, instance:org.example.Excel_Profile_Check@1f0f1111]" started-at="2023-07-03T10:16:53 IST" name="profileCheck" data-provider="dataProvider" finished-at="2023-07-03T10:16:58 IST" duration-ms="4722" status="PASS">
          <params>
            <param index="0">
              <value>
                <![CDATA[900982]]>
              </value>
            </param>
            <param index="1">
              <value>
                <![CDATA[123]]>
              </value>
            </param>
            <param index="2">
              <value>
                <![CDATA[]]>
              </value>
            </param>
          </params>
          <reporter-output>
          </reporter-output>
        </test-method> <!-- profileCheck -->
        <test-method signature="profileCheck(java.lang.String,java.lang.String,java.lang.String)[pri:1, instance:org.example.Excel_Profile_Check@1f0f1111]" started-at="2023-07-03T10:16:58 IST" name="profileCheck" data-provider="dataProvider" finished-at="2023-07-03T10:17:02 IST" duration-ms="3816" status="PASS">
          <params>
            <param index="0">
              <value>
                <![CDATA[900507]]>
              </value>
            </param>
            <param index="1">
              <value>
                <![CDATA[123]]>
              </value>
            </param>
            <param index="2">
              <value>
                <![CDATA[]]>
              </value>
            </param>
          </params>
          <reporter-output>
          </reporter-output>
        </test-method> <!-- profileCheck -->
        <test-method signature="profileCheck(java.lang.String,java.lang.String,java.lang.String)[pri:1, instance:org.example.Excel_Profile_Check@1f0f1111]" started-at="2023-07-03T10:17:02 IST" name="profileCheck" data-provider="dataProvider" finished-at="2023-07-03T10:17:06 IST" duration-ms="4236" status="PASS">
          <params>
            <param index="0">
              <value>
                <![CDATA[900572]]>
              </value>
            </param>
            <param index="1">
              <value>
                <![CDATA[123]]>
              </value>
            </param>
            <param index="2">
              <value>
                <![CDATA[]]>
              </value>
            </param>
          </params>
          <reporter-output>
          </reporter-output>
        </test-method> <!-- profileCheck -->
        <test-method signature="profileCheck(java.lang.String,java.lang.String,java.lang.String)[pri:1, instance:org.example.Excel_Profile_Check@1f0f1111]" started-at="2023-07-03T10:17:06 IST" name="profileCheck" data-provider="dataProvider" finished-at="2023-07-03T10:17:10 IST" duration-ms="3945" status="PASS">
          <params>
            <param index="0">
              <value>
                <![CDATA[NTS0029]]>
              </value>
            </param>
            <param index="1">
              <value>
                <![CDATA[123]]>
              </value>
            </param>
            <param index="2">
              <value>
                <![CDATA[]]>
              </value>
            </param>
          </params>
          <reporter-output>
          </reporter-output>
        </test-method> <!-- profileCheck -->
      </class> <!-- org.example.Excel_Profile_Check -->
    </test> <!-- Excel_Budgie_Profile_Check -->
  </suite> <!-- Default Suite -->
</testng-results>
